2026-04-24 15:16:54  [INFO]  Предзагрузка моделей...
2026-04-24 15:16:59  [INFO]  TTS загружен
2026-04-24 15:17:00  [INFO]  Brain загружен
2026-04-24 15:17:16  [INFO]  STT загружен
2026-04-24 15:17:16  [INFO]  Предзагрузка завершена
2026-04-24 15:19:19  [INFO]  Jarvis запущен (язык: ru)
2026-04-24 15:19:39  [INFO]  Голос | Пользователь: открой блокнот
2026-04-24 15:19:45  [INFO]  Голос | Jarvis: Блокнот открыт.
2026-04-24 15:19:59  [INFO]  Jarvis остановлен
2026-04-24 15:36:05  [INFO]  Предзагрузка моделей...
2026-04-24 15:36:08  [INFO]  TTS загружен
2026-04-24 15:36:09  [INFO]  Brain загружен
2026-04-24 15:36:13  [INFO]  Jarvis запущен (язык: ru)
2026-04-24 15:36:16  [INFO]  Jarvis остановлен
2026-04-24 15:36:21  [INFO]  STT загружен
2026-04-24 15:36:21  [INFO]  Предзагрузка завершена
2026-04-24 15:42:30  [INFO]  Микрофон сменён: [19] Набор микрофонов (Realtek HD Audio Mic input)
2026-04-24 15:58:35  [INFO]  Jarvis запущен (язык: ru)
2026-04-24 15:58:56  [INFO]  Чат  | Пользователь: Открой блокнот
2026-04-24 15:58:56  [INFO]  Чат  | Jarvis: Блокнот открыт.
2026-04-24 15:59:08  [INFO]  Чат  | Пользователь: закрой
2026-04-24 15:59:08  [INFO]  Чат  | Jarvis: Блокнот закрыт.
2026-04-24 15:59:21  [INFO]  Голос | Пользователь: открой блокнот
2026-04-24 15:59:24  [INFO]  Голос | Jarvis: Блокнот открыт.
2026-04-24 16:00:06  [INFO]  Jarvis остановлен
2026-04-24 18:44:48  [INFO]  Предзагрузка моделей...
2026-04-24 18:44:53  [INFO]  TTS загружен
2026-04-24 18:44:54  [INFO]  Brain загружен
2026-04-24 18:45:10  [INFO]  STT загружен
2026-04-24 18:45:10  [INFO]  Предзагрузка завершена
2026-04-24 18:50:12  [INFO]  Jarvis запущен (язык: ru)
2026-04-24 18:50:39  [INFO]  Голос | Пользователь: открой блокнот
2026-04-24 18:50:42  [INFO]  Голос | Jarvis: Блокнот открыт.
2026-04-24 19:04:40  [ERROR]  Ошибка голосового цикла: Stream is stopped [PaErrorCode -9983]
2026-04-25 15:06:42  [INFO]  Предзагрузка моделей...
2026-04-25 15:06:45  [INFO]  TTS загружен
2026-04-25 15:06:45  [INFO]  Brain загружен
2026-04-25 15:06:56  [INFO]  STT загружен
2026-04-25 15:06:56  [INFO]  Предзагрузка завершена
2026-04-25 15:16:59  [INFO]  Предзагрузка моделей...
2026-04-25 15:17:02  [INFO]  TTS загружен
2026-04-25 15:17:02  [INFO]  Brain загружен
2026-04-25 15:17:10  [INFO]  STT загружен
2026-04-25 15:17:10  [INFO]  Предзагрузка завершена
2026-04-25 15:27:21  [INFO]  Предзагрузка моделей...
2026-04-25 15:27:23  [INFO]  TTS загружен
2026-04-25 15:27:24  [INFO]  Brain загружен
2026-04-25 15:27:31  [INFO]  STT загружен
2026-04-25 15:27:31  [INFO]  Предзагрузка завершена
2026-04-25 15:32:11  [INFO]  Предзагрузка моделей...
2026-04-25 15:32:14  [INFO]  TTS загружен
2026-04-25 15:32:14  [INFO]  Brain загружен
2026-04-25 15:32:21  [INFO]  STT загружен
2026-04-25 15:32:21  [INFO]  Предзагрузка завершена
2026-04-25 15:36:05  [INFO]  Предзагрузка моделей...
2026-04-25 15:36:07  [INFO]  TTS загружен
2026-04-25 15:36:08  [INFO]  Brain загружен
2026-04-25 15:36:15  [INFO]  STT загружен
2026-04-25 15:36:15  [INFO]  Предзагрузка завершена
2026-04-25 15:54:45  [INFO]  Предзагрузка моделей...
2026-04-25 15:54:49  [INFO]  TTS загружен
2026-04-25 15:54:50  [INFO]  Brain загружен
2026-04-25 15:55:01  [INFO]  STT загружен
2026-04-25 15:55:01  [INFO]  Файловый индексатор запущен
2026-04-25 15:55:01  [INFO]  Предзагрузка завершена
2026-04-25 16:31:32  [INFO]  Предзагрузка моделей...
2026-04-25 16:31:35  [INFO]  TTS загружен
2026-04-25 16:31:36  [INFO]  Brain загружен
2026-04-25 16:31:45  [INFO]  STT загружен
2026-04-25 16:31:45  [INFO]  Файловый индексатор запущен
2026-04-25 16:31:45  [INFO]  Предзагрузка завершена
2026-04-25 16:43:30  [INFO]  Предзагрузка моделей...
2026-04-25 16:43:34  [INFO]  TTS загружен
2026-04-25 16:43:34  [INFO]  Brain загружен
2026-04-25 16:43:42  [INFO]  STT загружен
2026-04-25 16:43:42  [INFO]  Файловый индексатор запущен
2026-04-25 16:43:42  [INFO]  Предзагрузка завершена
2026-04-26 12:32:47  [INFO]  Предзагрузка моделей...
2026-04-26 12:32:54  [INFO]  TTS загружен
2026-04-26 12:32:55  [INFO]  Brain загружен
2026-04-26 12:33:23  [INFO]  STT загружен
2026-04-26 12:33:23  [INFO]  Файловый индексатор запущен
2026-04-26 12:33:23  [INFO]  Предзагрузка завершена
2026-04-26 12:35:55  [INFO]  Jarvis запущен (язык: ru)
2026-04-26 12:36:13  [INFO]  Голос | Пользователь: найди папки поломок про корейцами два
2026-04-26 12:36:20  [INFO]  Голос | Jarvis: Не понял, повторите.
2026-04-26 12:37:55  [INFO]  Голос | Пользователь: найди и открой папку клипа и фонда тря работа
2026-04-26 12:37:58  [INFO]  Голос | Jarvis: Не нашёл папку по запросу «клипа». Найдена одна папка по запросу «фонда». Скажи «открой», чтобы открыть её.
2026-04-26 12:40:30  [INFO]  Голос | Пользователь: найди папку прога
2026-04-26 12:40:35  [INFO]  Голос | Jarvis: Найдены четыре файла по запросу «прога». Скажи «первый», «второй», «третий» или «четвёртый», чтобы открыть файл.
2026-04-26 12:41:39  [INFO]  Голос | Пользователь: найди папку прога название на русском
2026-04-26 12:41:44  [INFO]  Голос | Jarvis: Найдены четыре файла по запросу «прога». Скажи «первый», «второй», «третий» или «четвёртый», чтобы открыть файл.
2026-04-26 12:43:10  [INFO]  Голос | Пользователь: Find the folder name is Diploma Preparation 2.
2026-04-26 12:43:14  [INFO]  Голос | Jarvis: Found five folders related to "Diploma Preparation 2." Say "first," "second," "third," "fourth," or "fifth" to open a folder.
2026-04-26 12:44:31  [INFO]  Голос | Пользователь: Open, a few trials.
2026-04-26 12:44:34  [INFO]  Голос | Jarvis: Opening Explorer, Word, and Excel.
2026-04-26 12:56:56  [INFO]  Голос | Пользователь: Short voice command to Jarvis.
2026-04-26 12:56:58  [INFO]  Голос | Jarvis: I can't do that.
2026-04-26 12:59:44  [INFO]  Голос | Пользователь: Short voice command to Jarvis.
2026-04-26 12:59:46  [INFO]  Голос | Jarvis: I can't do that.
2026-04-26 13:01:11  [INFO]  Голос | Пользователь: Is there a button in my spot? I don't know.
2026-04-26 13:01:13  [INFO]  Голос | Jarvis: Didn't catch that, please repeat.
2026-04-26 13:02:04  [INFO]  Голос | Пользователь: Stop. Stop!
2026-04-26 13:04:56  [INFO]  Голос | Пользователь: найди папку прага
2026-04-26 13:05:02  [INFO]  Голос | Jarvis: Нашёл 2 папки: первая — AppData, вторая — Roaming. Скажи «первый» или «второй», чтобы открыть.
2026-04-26 13:05:54  [INFO]  Голос | Пользователь: найди папку прога
2026-04-26 13:05:58  [INFO]  Голос | Jarvis: Нашёл 5 папок: первая — прога, вторая — webproga.e19a9b3c, третья — WebProga.e19a9b3c, четвёртая — webproga.e19a9b3c, пятая — webproga.e19a9b3c. Скажи «первый», «второй» и так далее, чтобы открыть.
2026-04-26 13:06:57  [INFO]  Голос | Пользователь: найди файл диплом
2026-04-26 13:07:04  [INFO]  Голос | Jarvis: Нашёл 5 файлов. Первый — Өтініш формасы-Диплом жоба тақырыбы 2025-2026 2022-2023.docx, второй — Өтініш формасы-Диплом, жоба тақырыбы 2025-2026.pdf и так далее. Скажи «первый», «второй» и так далее, чтобы открыть.
2026-04-26 13:08:12  [INFO]  Jarvis остановлен
2026-04-26 13:30:05  [INFO]  Предзагрузка моделей...
2026-04-26 13:30:20  [INFO]  TTS загружен
2026-04-26 13:30:20  [INFO]  Brain загружен
2026-04-26 13:30:54  [INFO]  STT загружен
2026-04-26 13:30:54  [INFO]  Файловый индексатор запущен
2026-04-26 13:30:54  [INFO]  Предзагрузка завершена
2026-04-26 13:36:04  [INFO]  Jarvis запущен (язык: ru)
2026-04-26 13:36:34  [INFO]  Голос | Пользователь: открой логин
2026-04-26 13:36:38  [INFO]  Голос | Jarvis: Не понял, повторите.
2026-04-26 13:37:09  [INFO]  Чат  | Пользователь: открой логи
2026-04-26 13:37:09  [INFO]  Чат  | Jarvis: Открыл логи.
2026-04-26 13:39:23  [INFO]  Предзагрузка моделей...
2026-04-26 13:39:29  [INFO]  TTS загружен
2026-04-26 13:39:30  [INFO]  Brain загружен
2026-04-26 13:39:50  [INFO]  STT загружен
2026-04-26 13:39:50  [INFO]  Файловый индексатор запущен
2026-04-26 13:39:50  [INFO]  Предзагрузка завершена
2026-04-26 13:40:02  [INFO]  Jarvis запущен (язык: ru)
2026-04-26 13:40:18  [INFO]  Голос | Пользователь: пока сделал ей
2026-04-26 13:40:21  [INFO]  Голос | Jarvis: Не понял, повторите.
2026-04-26 13:40:44  [INFO]  Чат  | Пользователь: покажи логи
2026-04-26 13:40:44  [INFO]  Чат  | Jarvis: Открыл логи.
2026-04-26 13:41:02  [INFO]  Чат  | Пользователь: покажи чат
2026-04-26 13:41:02  [INFO]  Чат  | Jarvis: Открыл историю чата.
2026-04-26 13:56:46  [INFO]  Чат  | Пользователь: открой логи
2026-04-26 13:56:46  [INFO]  Чат  | Jarvis: Логи открыты.
2026-04-26 13:57:01  [INFO]  Jarvis остановлен
2026-04-26 14:05:00  [INFO]  Jarvis запущен (язык: ru)
2026-04-26 14:05:17  [INFO]  Чат  | Пользователь: открой логи
2026-04-26 14:05:17  [INFO]  Чат  | Jarvis: Открываю логи.
2026-04-26 14:08:01  [INFO]  Чат  | Пользователь: открой логи
2026-04-26 14:08:01  [INFO]  Чат  | Jarvis: Открываю логи.
2026-04-26 14:08:41  [INFO]  Чат  | Пользователь: открой чат
2026-04-26 14:08:41  [INFO]  Чат  | Jarvis: Открываю историю чата.
2026-04-26 14:09:43  [INFO]  Чат  | Пользователь: открой логи
2026-04-26 14:09:43  [INFO]  Чат  | Jarvis: Открываю логи.
2026-04-26 14:11:21  [INFO]  Голос | Пользователь: открой чан
2026-04-26 14:11:21  [INFO]  Голос | Пользователь: открой чан
2026-04-26 14:11:22  [INFO]  Голос | Jarvis: Не понял, повторите.
2026-04-26 14:11:23  [INFO]  Голос | Jarvis: Не могу это сделать.
2026-04-26 14:11:45  [INFO]  Голос | Пользователь: открой чат открой чат
2026-04-26 14:11:49  [INFO]  Голос | Jarvis: Открываю историю чата.
2026-04-26 14:13:06  [INFO]  Jarvis остановлен
2026-04-26 14:13:07  [INFO]  Jarvis запущен (язык: ru)
2026-04-26 14:13:11  [INFO]  Jarvis остановлен
2026-04-26 14:16:33  [INFO]  Jarvis запущен (язык: ru)
2026-04-26 14:16:51  [INFO]  Голос | Пользователь: открой историю ноги районе
2026-04-26 14:16:51  [INFO]  Голос | Пользователь: открой историю на районе
2026-04-26 14:16:53  [INFO]  Голос | Jarvis: Не понял, повторите.
2026-04-26 14:16:54  [INFO]  Голос | Jarvis: Не понял, повторите.
2026-04-26 14:17:08  [INFO]  Jarvis остановлен
2026-04-26 14:18:48  [INFO]  Jarvis запущен (язык: ru)
2026-04-26 14:19:02  [INFO]  Голос | Пользователь: открой лоббирование
2026-04-26 14:19:02  [INFO]  Голос | Пользователь: открой лоббирование
2026-04-26 14:19:03  [INFO]  Голос | Jarvis: Не понял, повторите.
2026-04-26 14:19:04  [INFO]  Голос | Jarvis: Не понял, повторите.
2026-04-26 14:26:52  [INFO]  Голос | Пользователь: открой лоббирование
2026-04-26 14:26:53  [INFO]  Голос | Пользователь: по открой лоббирование
2026-04-26 14:26:54  [INFO]  Голос | Jarvis: Не понял, повторите.
2026-04-26 14:26:55  [INFO]  Голос | Jarvis: Не понял, повторите.
2026-04-26 14:29:38  [INFO]  Jarvis остановлен
2026-04-26 14:36:32  [INFO]  Предзагрузка моделей...
2026-04-26 14:36:36  [INFO]  TTS загружен
2026-04-26 14:36:37  [INFO]  Brain загружен
2026-04-26 14:36:57  [INFO]  STT загружен
2026-04-26 14:36:57  [INFO]  Файловый индексатор запущен
2026-04-26 14:36:57  [INFO]  Предзагрузка завершена
2026-04-26 14:37:48  [INFO]  Jarvis запущен (язык: ru)
2026-04-26 14:38:11  [INFO]  Голос | Пользователь: открой лакирование
2026-04-26 14:38:14  [INFO]  Голос | Jarvis: Не понял, повторите.
2026-04-26 14:39:44  [INFO]  Голос | Пользователь: открой историю алагир мне
2026-04-26 14:39:46  [INFO]  Голос | Jarvis: Не понял, повторите.
2026-04-26 14:40:24  [INFO]  Голос | Пользователь: открой папку диплома тропе рейсом
2026-04-26 14:40:25  [INFO]  Голос | Jarvis: Не понял, повторите.
2026-04-26 14:41:29  [INFO]  Jarvis остановлен
2026-04-26 14:59:21  [INFO]  Jarvis запущен (язык: ru)
2026-04-26 14:59:58  [INFO]  Голос | Пользователь: найди папку дипломат интересен
2026-04-26 14:59:59  [INFO]  Голос | Пользователь: найди папку дипломат интересен
2026-04-26 15:00:09  [INFO]  Голос | Jarvis: Нашёл 5 папок. Скажи «первый», «второй» и так далее, чтобы открыть нужную.
2026-04-26 15:00:16  [INFO]  Голос | Jarvis: Нашёл 5 папок. Скажи «первый», «второй» и так далее, чтобы открыть нужную.
2026-04-26 15:01:07  [INFO]  Голос | Пользователь: найди папку теплова притворяясь
2026-04-26 15:01:17  [INFO]  Голос | Jarvis: Нашёл 3 папки. Скажи «первый», «второй» и так далее, чтобы открыть нужную.
2026-04-26 15:02:03  [INFO]  Jarvis остановлен
2026-04-26 15:06:20  [ERROR]  Ошибка голосового цикла: Stream is stopped [PaErrorCode -9983]
2026-04-26 15:06:42  [INFO]  Предзагрузка моделей...
2026-04-26 15:06:51  [INFO]  TTS загружен
2026-04-26 15:06:52  [INFO]  Brain загружен
2026-04-26 15:07:16  [INFO]  STT загружен
2026-04-26 15:07:16  [INFO]  Файловый индексатор запущен
2026-04-26 15:07:16  [INFO]  Предзагрузка завершена
2026-04-26 15:08:01  [INFO]  Jarvis запущен (язык: ru)
2026-04-26 15:08:23  [INFO]  Голос | Пользователь: открой и папку открой файлы диплом
2026-04-26 15:08:28  [INFO]  Голос | Jarvis: Не понял, повторите.
2026-04-26 15:10:04  [INFO]  Голос | Пользователь: найди папулы букс
2026-04-26 15:10:08  [INFO]  Голос | Jarvis: Не понял, повторите.
2026-04-26 15:10:59  [INFO]  Jarvis остановлен
2026-04-26 15:11:33  [INFO]  Jarvis запущен (язык: ru)
2026-04-26 15:11:54  [INFO]  Чат  | Пользователь: Найди файл diplom
2026-04-26 15:11:54  [INFO]  Чат  | Jarvis: Не понял, повторите.
2026-04-26 15:12:11  [INFO]  Чат  | Пользователь: Найди файл диплом
2026-04-26 15:12:11  [INFO]  Чат  | Jarvis: Не понял, повторите.
2026-04-26 15:12:23  [INFO]  Чат  | Пользователь: Найди папку прога
2026-04-26 15:12:23  [INFO]  Чат  | Jarvis: Нашёл папку: project. Скажи «открой», чтобы открыть.
2026-04-26 15:20:28  [INFO]  Jarvis остановлен
2026-04-26 16:19:40  [INFO]  Предзагрузка моделей...
2026-04-26 16:19:50  [INFO]  TTS загружен
2026-04-26 16:19:51  [INFO]  Brain загружен
2026-04-26 16:20:29  [INFO]  STT загружен
2026-04-26 16:20:29  [INFO]  Файловый индексатор запущен
2026-04-26 16:20:29  [INFO]  Предзагрузка завершена
2026-04-26 16:20:46  [INFO]  Jarvis запущен (язык: ru)
2026-04-26 16:21:13  [INFO]  Голос | Пользователь: Найди файл под именным диплом.
2026-04-26 16:21:19  [INFO]  Голос | Jarvis: Нашёл 5 файлов. Скажи «первый», «второй» и так далее, чтобы открыть нужный.
2026-04-26 16:21:46  [INFO]  Голос | Пользователь: Найди файл. Не папку, а файл.
2026-04-26 16:21:49  [INFO]  Голос | Jarvis: Нашёл 5 файлов. Скажи «первый», «второй» и так далее, чтобы открыть нужный.
2026-04-26 16:22:28  [INFO]  Голос | Пользователь: Найди файл под названием диплом. Диплом на английском.
2026-04-26 16:22:32  [INFO]  Голос | Jarvis: Не нашёл ничего по запросу «diploma». Попробуй переиндексировать файлы?
2026-04-26 16:23:10  [INFO]  Jarvis остановлен
2026-04-26 16:24:03  [INFO]  Jarvis запущен (язык: en)
2026-04-26 16:25:09  [INFO]  Голос | Пользователь: Find file name is blank.
2026-04-26 16:25:13  [INFO]  Голос | Jarvis: Found 5 files. Say 'first', 'second', and so on to open the one you want.
2026-04-26 16:25:25  [INFO]  Голос | Пользователь: Open browser, what time is it, shut down.
2026-04-26 16:25:29  [INFO]  Голос | Jarvis: Opening Chrome. Today is Sunday, April 26, 2026. Shutting down the computer in 5 seconds.
2026-04-26 16:58:57  [INFO]  Предзагрузка моделей...
2026-04-26 16:59:02  [INFO]  TTS загружен
2026-04-26 16:59:02  [INFO]  Brain загружен
2026-04-26 16:59:29  [INFO]  STT загружен
2026-04-26 16:59:30  [INFO]  Файловый индексатор запущен
2026-04-26 16:59:30  [INFO]  Предзагрузка завершена
2026-04-26 17:00:02  [INFO]  Jarvis запущен (язык: ru)
2026-04-26 17:00:21  [INFO]  Голос | Пользователь: Можешь найти файл под именем диплом.
2026-04-26 17:00:28  [INFO]  Голос | Jarvis: Не нашёл файл под именем «диплом». Попробуйте переиндексировать файлы.
2026-04-26 17:02:58  [INFO]  Голос | Пользователь: Можете показать время при индексации.
2026-04-26 17:03:01  [INFO]  Голос | Jarvis: Переиндексация файлов запущена и обычно занимает 1-3 минуты.
2026-04-26 17:03:12  [INFO]  Jarvis остановлен
2026-04-26 17:03:16  [INFO]  Jarvis запущен (язык: ru)
2026-04-26 17:04:48  [INFO]  Голос | Пользователь: Расскази, что ты умеешь.
2026-04-26 17:04:50  [INFO]  Голос | Jarvis: Я могу открывать и закрывать приложения, искать файлы, создавать заметки, ставить таймеры, показывать уровень заряда батареи и многое другое. Также могу обеспечивать доступ к Wikipedia и YouTube.
2026-04-26 17:05:18  [INFO]  Голос | Пользователь: Придумай анекдот.
2026-04-26 17:05:19  [INFO]  Голос | Jarvis: Не могу это сделать.
2026-04-26 17:07:08  [INFO]  Голос | Пользователь: Найди файл под названием Diplom.
2026-04-26 17:07:09  [INFO]  Голос | Пользователь: Найди файл под названием Diplom.
2026-04-26 17:07:14  [INFO]  Голос | Jarvis: Нашёл 5 файлов: первый — Diploma project, второй — Diploma preparation, третий — Diploma preparation_2, четвёртый — diplom.docx, пятый — D---------------Diploma-preparation-2-jarvis-demo. Скажи номер файла, чтобы открыть.
2026-04-26 17:07:15  [INFO]  Голос | Jarvis: Я уже нашёл файлы с названием «Diplom». Скажи номер файла, чтобы открыть.
2026-04-26 17:08:12  [INFO]  Jarvis остановлен
2026-04-26 17:10:33  [INFO]  Jarvis запущен (язык: ru)
2026-04-26 17:10:44  [INFO]  Голос | Пользователь: Jarvis
2026-04-26 17:10:46  [INFO]  Голос | Jarvis: Не понял, повторите.
2026-04-26 17:10:49  [INFO]  Голос | Пользователь: Найди папку под именем Diploma Preparation 2.
2026-04-26 17:10:52  [INFO]  Голос | Пользователь: Найди папку под именем Diploma Preparation 2.
2026-04-26 17:10:54  [INFO]  Голос | Jarvis: Нашёл 5 файлов: первый — D---------------Diploma-preparation-2-jarvis-demo, второй — D---------------Diploma-preparation-2-MyOWN-Talkify, третий — Diploma project, четвёртый — Diploma preparation, пятый — Diploma preparation_2. Скажи номер, чтобы открыть.
2026-04-26 17:10:56  [INFO]  Голос | Jarvis: Я уже нашёл файлы с названием «Diploma Preparation 2». Скажи номер файла, чтобы открыть.
2026-04-26 17:12:00  [INFO]  Голос | Пользователь: Стоп.
2026-04-26 17:12:18  [INFO]  Jarvis остановлен
2026-04-26 17:13:56  [INFO]  Jarvis запущен (язык: ru)
2026-04-26 17:14:13  [INFO]  Голос | Пользователь: Возьмите открыть проложение вебекс.
2026-04-26 17:14:14  [INFO]  Голос | Пользователь: Возьмите открыть проложение WebEx.
2026-04-26 17:14:16  [INFO]  Голос | Jarvis: Не могу это сделать.
2026-04-26 17:14:18  [INFO]  Голос | Jarvis: Не могу это сделать.
2026-04-26 17:14:27  [INFO]  Jarvis остановлен
2026-04-26 17:53:56  [INFO]  Предзагрузка моделей...
2026-04-26 17:54:01  [INFO]  TTS загружен
2026-04-26 17:54:02  [INFO]  Brain загружен
2026-04-26 17:54:19  [INFO]  STT загружен
2026-04-26 17:54:19  [INFO]  Файловый индексатор запущен
2026-04-26 17:54:19  [INFO]  Предзагрузка завершена
2026-04-26 17:54:36  [INFO]  Jarvis запущен (язык: ru)
2026-04-26 17:55:06  [INFO]  Голос | Пользователь: Найди папку Prog
2026-04-26 17:55:11  [INFO]  Голос | Jarvis: Нашёл 5 папок. Первый — Programs. Второй — proguard. Третий — proguard. Четвёртый — Programs. Пятый — progress. Скажи номер, чтобы открыть.
2026-04-26 17:55:57  [INFO]  Голос | Пользователь: Открой чат.
2026-04-26 17:56:00  [INFO]  Голос | Jarvis: История чата открыта.
2026-04-26 17:58:09  [INFO]  Голос | Пользователь: Закрой чат
2026-04-26 17:58:15  [INFO]  Голос | Jarvis: Панель закрыта.
2026-04-26 17:59:38  [INFO]  Голос | Пользователь: Найди папку прога.
2026-04-26 17:59:44  [INFO]  Голос | Jarvis: Нашёл 5 папок. Первый — прога. Второй — webproga.e19a9b3c. Третий — WebProga.e19a9b3c. Четвёртый — webproga.e19a9b3c. Пятый — webproga.e19a9b3c. Скажи номер, чтобы открыть.
2026-04-26 18:01:55  [INFO]  Голос | Пользователь: Найди папку режиме.
2026-04-26 18:01:59  [INFO]  Голос | Jarvis: Нашёл папку «Image». Скажи «открой», чтобы открыть.
2026-04-26 18:05:29  [INFO]  Голос | Пользователь: Открой папку PTT
2026-04-26 18:05:34  [INFO]  Голос | Jarvis: Не нашёл папку «PTT». Попробуй переиндексировать файлы.
2026-04-26 18:07:44  [INFO]  Голос | Пользователь: Закрой папки.
2026-04-26 18:07:47  [INFO]  Голос | Jarvis: Закрыл проводник.
2026-04-26 18:10:13  [INFO]  Голос | Пользователь: На каком языке это написано?
2026-04-26 18:10:14  [INFO]  Голос | Jarvis: Не могу это сделать.
2026-04-26 18:10:37  [INFO]  Голос | Пользователь: Какую информацию об этом проложении ты можешь мне сообщить?
2026-04-26 18:10:38  [INFO]  Голос | Jarvis: Не могу это сделать.
2026-04-26 18:11:12  [INFO]  Голос | Пользователь: Можете рассказать интересный факт.
2026-04-26 18:11:16  [INFO]  Голос | Jarvis: Не могу это сделать.
2026-04-26 18:11:46  [INFO]  Голос | Пользователь: То есть я подключен к интернету?
2026-04-26 18:11:49  [INFO]  Голос | Jarvis: Не могу это сделать.
2026-04-26 18:12:55  [INFO]  Голос | Пользователь: Открой Android Studio.
2026-04-26 18:12:57  [INFO]  Голос | Jarvis: Открыл Android Studio.
2026-04-26 18:13:58  [INFO]  Голос | Пользователь: Открой чат.
2026-04-26 18:14:01  [INFO]  Голос | Jarvis: Открыл историю чата.
2026-04-26 18:15:33  [INFO]  Предзагрузка моделей...
2026-04-26 18:15:36  [INFO]  TTS загружен
2026-04-26 18:15:37  [INFO]  Brain загружен
2026-04-26 18:15:48  [INFO]  STT загружен
2026-04-26 18:15:48  [INFO]  Файловый индексатор запущен
2026-04-26 18:15:48  [INFO]  Предзагрузка завершена
2026-04-26 18:15:57  [INFO]  Jarvis запущен (язык: ru)
2026-04-26 18:16:15  [INFO]  Голос | Пользователь: Расскажи анекдот.
2026-04-26 18:16:17  [INFO]  Голос | Jarvis: Не могу это сделать.

2026-04-26 21:39:14  [INFO]  Предзагрузка моделей...
2026-04-26 21:39:26  [INFO]  TTS загружен
2026-04-26 21:39:28  [INFO]  Brain загружен
2026-04-26 21:39:51  [INFO]  STT загружен
2026-04-26 21:39:51  [INFO]  Файловый индексатор запущен
2026-04-26 21:39:51  [INFO]  Предзагрузка завершена
2026-04-26 21:40:31  [INFO]  Jarvis запущен (язык: ru)
2026-04-26 21:41:00  [INFO]  Голос | Пользователь: Найди папку прога.
2026-04-26 21:41:07  [INFO]  Голос | Jarvis: Нашёл пять файлов. Скажи «первый», «второй» и так далее, чтобы открыть нужный.
2026-04-26 21:42:52  [INFO]  Голос | Пользователь: Найди папку прога.
2026-04-26 21:43:02  [INFO]  Голос | Jarvis: Нашёл пять файлов. Скажи «первый», «второй» и так далее, чтобы открыть нужный.
2026-04-26 21:44:50  [INFO]  Jarvis остановлен
2026-04-26 21:54:28  [INFO]  Jarvis запущен (язык: ru)
2026-04-26 21:54:52  [INFO]  Голос | Пользователь: Найди файл Diplom.
2026-04-26 21:55:01  [INFO]  Голос | Jarvis: Нашёл пять файлов. Скажи «первый», «второй» и так далее, чтобы открыть нужный.
2026-04-26 21:58:50  [INFO]  Voice | User: Дякую за перегляд.
2026-04-26 21:58:52  [INFO]  Voice | Jarvis: Не за что! Если понадобится помощь, обращайтесь.
2026-04-26 22:01:04  [INFO]  Jarvis stopped
2026-04-26 22:01:59  [INFO]  Jarvis started (language: en)
2026-04-26 22:02:28  [INFO]  Voice | User: Find file Diplom.
2026-04-26 22:02:34  [INFO]  Voice | Jarvis: Which category should I search in: folder, document, or something else?
2026-04-26 22:04:18  [INFO]  Jarvis stopped
2026-04-26 22:13:10  [INFO]  Предзагрузка моделей...
2026-04-26 22:13:10  [INFO]  TTS загружен
2026-04-26 22:13:11  [INFO]  Brain загружен
2026-04-26 22:13:27  [INFO]  STT загружен
2026-04-26 22:13:27  [INFO]  Файловый индексатор запущен
2026-04-26 22:13:27  [INFO]  Предзагрузка завершена
2026-04-26 22:14:54  [INFO]  Jarvis запущен (язык: ru)
2026-04-26 22:15:36  [INFO]  Голос | Пользователь: Найди файл Diplom.
2026-04-26 22:15:38  [INFO]  Голос | Jarvis: Какой тип файла вы ищете: папка, документ или что-то другое?
2026-04-26 22:16:48  [INFO]  Jarvis остановлен
2026-04-26 22:40:03  [INFO]  Предзагрузка моделей...
2026-04-26 22:40:03  [INFO]  TTS загружен
2026-04-26 22:40:03  [INFO]  Brain загружен
2026-04-26 22:40:08  [INFO]  STT загружен
2026-04-26 22:40:08  [INFO]  Файловый индексатор запущен
2026-04-26 22:40:08  [INFO]  Предзагрузка завершена
2026-04-26 22:40:35  [INFO]  Jarvis запущен (язык: ru)
2026-04-26 22:41:10  [INFO]  Голос | Пользователь: Найди файл под названием fps.
2026-04-26 22:41:19  [INFO]  Голос | Jarvis: Нашёл 5 файлов с названием fps. Скажи номер файла, который нужно открыть.
2026-04-26 22:42:03  [INFO]  Голос | Пользователь: Открой первый файл.
2026-04-26 22:42:09  [INFO]  Голос | Jarvis: Открыл файл «FPS».
2026-04-26 22:44:22  [INFO]  Voice | User: Find folder program
2026-04-26 22:44:28  [INFO]  Voice | Jarvis: Нашёл 5 папок с названием program. Скажи номер папки, которую нужно открыть.
2026-04-26 22:48:17  [INFO]  Голос | Пользователь: Можешь найти файл прога в диске D.
2026-04-26 22:48:22  [INFO]  Голос | Jarvis: Нашёл 5 файлов с названием прога. Скажи номер файла, который нужно открыть.
2026-04-26 22:50:11  [INFO]  Jarvis остановлен
2026-04-26 22:51:02  [INFO]  Jarvis запущен (язык: ru)
2026-04-26 22:51:20  [INFO]  Голос | Пользователь: Именем диплома Preparation.
2026-04-26 22:51:23  [INFO]  Голос | Jarvis: Нашёл 5 файлов с названием Preparation. Скажи номер файла, который нужно открыть.
2026-04-26 22:53:00  [INFO]  Предзагрузка моделей...
2026-04-26 22:53:00  [INFO]  TTS загружен
2026-04-26 22:53:01  [INFO]  Brain загружен
2026-04-26 22:53:04  [INFO]  STT загружен
2026-04-26 22:53:04  [INFO]  Файловый индексатор запущен
2026-04-26 22:53:04  [INFO]  Предзагрузка завершена
2026-04-26 22:53:22  [INFO]  Jarvis остановлен
2026-04-26 22:53:24  [INFO]  Jarvis запущен (язык: ru)
2026-04-26 22:54:02  [INFO]  Голос | Пользователь: Иди в фото подъемнем скрипт 101.
2026-04-26 22:54:03  [INFO]  Голос | Jarvis: Не понял, повторите.
2026-04-26 22:55:05  [INFO]  Voice | User: Find file xconstruct1
2026-04-26 22:55:10  [INFO]  Voice | Jarvis: I found a file named "Contacts." Would you like to open it?
2026-04-26 22:55:44  [INFO]  Jarvis stopped
2026-04-26 22:58:30  [INFO]  Jarvis started (language: en)
2026-04-26 22:58:50  [INFO]  Voice | User: find folder angle scores
2026-04-26 22:58:54  [INFO]  Voice | Jarvis: I found five files related to "angle scores." You can say 'first', 'second', 'third', 'fourth', or 'fifth' to open one of them.
2026-04-26 22:59:46  [INFO]  Voice | User: find folder, books
2026-04-26 22:59:49  [INFO]  Voice | Jarvis: I found five folders related to "books." You can say 'first', 'second', 'third', 'fourth', or 'fifth' to open one of them.
2026-04-26 23:00:32  [INFO]  Voice | User: Open first file.
2026-04-26 23:00:36  [INFO]  Voice | Jarvis: The folder "books" is now open.
2026-04-26 23:01:33  [INFO]  Jarvis stopped
2026-04-26 23:05:11  [INFO]  Предзагрузка моделей...
2026-04-26 23:05:11  [INFO]  TTS загружен
2026-04-26 23:05:12  [INFO]  Brain загружен
2026-04-26 23:05:14  [INFO]  STT загружен
2026-04-26 23:05:14  [INFO]  Файловый индексатор запущен
2026-04-26 23:05:14  [INFO]  Предзагрузка завершена
2026-04-26 23:05:55  [INFO]  Jarvis started (language: en)
2026-04-26 23:06:46  [INFO]  Voice | User: find folder or books
2026-04-26 23:06:51  [INFO]  Voice | Jarvis: Я нашёл 5 папок. Первая — books, вторая — Books, третья — library_books. Какую открыть?
2026-04-26 23:08:18  [INFO]  Voice | User: find folder csharp
2026-04-26 23:08:22  [INFO]  Voice | Jarvis: Я нашёл 5 папок с именем csharp. Какую открыть?
2026-04-26 23:09:08  [INFO]  Voice | User: Open browser, what time is it, shut down.
2026-04-26 23:09:12  [INFO]  Voice | Jarvis: Открываю браузер. Сегодня Воскресенье, 26 апреля 2026 года. Выключаю компьютер через 5 секунд.
2026-04-26 23:09:16  [INFO]  Jarvis stopped
2026-04-26 23:09:44  [INFO]  Jarvis started (language: en)
2026-04-26 23:10:01  [INFO]  Voice | User: Find folder Diploma Preparation 2.
2026-04-26 23:10:05  [INFO]  Voice | Jarvis: Я нашёл 5 папок. Первая — D---------------Diploma-preperation-2-jarvis-demo, вторая — D---------------Diploma-preperation-2-MyOWN-Talkify, третья — Diploma project. Какую открыть?
2026-04-26 23:12:13  [INFO]  Voice | User: find file, text of a document
2026-04-26 23:12:15  [INFO]  Voice | Jarvis: Необходимо уточнить: какое название документа искать?
2026-04-26 23:12:43  [INFO]  Voice | User: Открой чат.
2026-04-26 23:12:46  [INFO]  Voice | Jarvis: Открываю историю чата.
2026-04-26 23:19:53  [INFO]  Jarvis stopped
2026-04-26 23:27:56  [INFO]  Jarvis started (language: en)
2026-04-26 23:28:18  [INFO]  Voice | User: Or open YouTube.
2026-04-26 23:28:23  [INFO]  Voice | Jarvis: I can't open YouTube directly, but I can open Chrome or another browser for you. Would you like me to do that?
2026-04-26 23:30:55  [INFO]  Voice | User: Open second folder.
2026-04-26 23:30:57  [INFO]  Voice | Jarvis: The folder "Books" is now open.
2026-04-26 23:34:08  [INFO]  Chat  | User: Find file text test
2026-04-26 23:34:08  [INFO]  Chat  | Jarvis: I found five files. Say "first", "second", "third", "fourth", or "fifth" to open one of them.
2026-04-26 23:34:54  [INFO]  Jarvis stopped
